Copyright 1986-2018 Xilinx, Inc. All Rights Reserved.
--------------------------------------------------------------------------------------
| Tool Version : Vivado v.2018.2.1 (win64) Build 2288692 Thu Jul 26 18:24:02 MDT 2018
| Date         : Thu Apr  6 18:52:54 2023
| Host         : VILASHN running 64-bit major release  (build 9200)
| Command      : report_control_sets -verbose -file Counter_control_sets_placed.rpt
| Design       : Counter
| Device       : xc7a35t
--------------------------------------------------------------------------------------

Control Set Information

Table of Contents
-----------------
1. Summary
2. Histogram
3. Flip-Flop Distribution
4. Detailed Control Set Information

1. Summary
----------

+----------------------------------------------------------+-------+
|                          Status                          | Count |
+----------------------------------------------------------+-------+
| Number of unique control sets                            |     3 |
| Unused register locations in slices containing registers |     6 |
+----------------------------------------------------------+-------+


2. Histogram
------------

+--------+--------------+
| Fanout | Control Sets |
+--------+--------------+
|      6 |            2 |
|    16+ |            1 |
+--------+--------------+


3. Flip-Flop Distribution
-------------------------

+--------------+-----------------------+------------------------+-----------------+--------------+
| Clock Enable | Synchronous Set/Reset | Asynchronous Set/Reset | Total Registers | Total Slices |
+--------------+-----------------------+------------------------+-----------------+--------------+
| No           | No                    | No                     |              12 |            2 |
| No           | No                    | Yes                    |               0 |            0 |
| No           | Yes                   | No                     |              62 |            8 |
| Yes          | No                    | No                     |               0 |            0 |
| Yes          | No                    | Yes                    |               0 |            0 |
| Yes          | Yes                   | No                     |               0 |            0 |
+--------------+-----------------------+------------------------+-----------------+--------------+


4. Detailed Control Set Information
-----------------------------------

+------------------+---------------+-----------------------------+------------------+----------------+
|   Clock Signal   | Enable Signal |       Set/Reset Signal      | Slice Load Count | Bel Load Count |
+------------------+---------------+-----------------------------+------------------+----------------+
|  Slow_CLK0/Q_reg |               |                             |                1 |              6 |
|  CLK_IBUF_BUFG   |               |                             |                1 |              6 |
|  CLK_IBUF_BUFG   |               | Slow_CLK0/count[31]_i_1_n_0 |                8 |             62 |
+------------------+---------------+-----------------------------+------------------+----------------+


