Copyright 1986-2018 Xilinx, Inc. All Rights Reserved.
-------------------------------------------------------------------------------------------
| Tool Version : Vivado v.2018.2.1 (win64) Build 2288692 Thu Jul 26 18:24:02 MDT 2018
| Date         : Fri Jun  9 12:31:35 2023
| Host         : VILASHN running 64-bit major release  (build 9200)
| Command      : report_control_sets -verbose -file MicroProcessor_control_sets_placed.rpt
| Design       : MicroProcessor
| Device       : xc7a35t
-------------------------------------------------------------------------------------------

Control Set Information

Table of Contents
-----------------
1. Summary
2. Histogram
3. Flip-Flop Distribution
4. Detailed Control Set Information

1. Summary
----------

+----------------------------------------------------------+-------+
|                          Status                          | Count |
+----------------------------------------------------------+-------+
| Number of unique control sets                            |     4 |
| Unused register locations in slices containing registers |    14 |
+----------------------------------------------------------+-------+


2. Histogram
------------

+--------+--------------+
| Fanout | Control Sets |
+--------+--------------+
|      4 |            1 |
|      6 |            1 |
|    16+ |            2 |
+--------+--------------+


3. Flip-Flop Distribution
-------------------------

+--------------+-----------------------+------------------------+-----------------+--------------+
| Clock Enable | Synchronous Set/Reset | Asynchronous Set/Reset | Total Registers | Total Slices |
+--------------+-----------------------+------------------------+-----------------+--------------+
| No           | No                    | No                     |              28 |            6 |
| No           | No                    | Yes                    |               0 |            0 |
| No           | Yes                   | No                     |              62 |            8 |
| Yes          | No                    | No                     |               0 |            0 |
| Yes          | No                    | Yes                    |               0 |            0 |
| Yes          | Yes                   | No                     |               0 |            0 |
+--------------+-----------------------+------------------------+-----------------+--------------+


4. Detailed Control Set Information
-----------------------------------

+--------------------------------+---------------+-------------------------+------------------+----------------+
|          Clock Signal          | Enable Signal |     Set/Reset Signal    | Slice Load Count | Bel Load Count |
+--------------------------------+---------------+-------------------------+------------------+----------------+
|  program_counter_0/D_FF_0/E[0] |               |                         |                1 |              4 |
|  Clk_IBUF_BUFG                 |               |                         |                2 |              6 |
|  Slow_Clk_0/Q_reg              |               |                         |                3 |             18 |
|  Clk_IBUF_BUFG                 |               | Slow_Clk_0/clk_status_0 |                8 |             62 |
+--------------------------------+---------------+-------------------------+------------------+----------------+


